{"/Users/qianxihe/Shopping/src/pages/homePage/index.jsx": {"path":"/Users/qianxihe/Shopping/src/pages/homePage/index.jsx","statementMap":{"0":{"start":{"line":5,"column":2},"end":{"line":5,"column":46}}},"fnMap":{"0":{"name":"HomePage","decl":{"start":{"line":4,"column":24},"end":{"line":4,"column":32}},"loc":{"start":{"line":4,"column":35},"end":{"line":6,"column":1}},"line":4}},"branchMap":{},"s":{"0":1},"f":{"0":1},"b":{},"_coverageSchema":"1a1c01bbd47fc00a2c39e90264f33305004495a9","hash":"335a3dc00bdc3a1e777c0377797431414d56fab5"}
}
