TN:
SF:src/App.jsx
FN:10,(anonymous_0)
FN:11,(anonymous_1)
FN:13,App
FNF:3
FNH:0
FNDA:0,(anonymous_0)
FNDA:0,(anonymous_1)
FNDA:0,App
DA:10,0
DA:11,0
DA:14,0
LF:3
LH:0
BRF:0
BRH:0
end_of_record
TN:
SF:src/index.jsx
FNF:0
FNH:0
DA:9,0
DA:10,0
DA:22,0
LF:3
LH:0
BRF:0
BRH:0
end_of_record
TN:
SF:src/pages/homePage/index.jsx
FN:4,HomePage
FNF:1
FNH:1
FNDA:1,HomePage
DA:5,1
LF:1
LH:1
BRF:0
BRH:0
end_of_record
TN:
SF:src/pages/shoppingCartPage/index.jsx
FN:4,ShoppingCartPage
FNF:1
FNH:0
FNDA:0,ShoppingCartPage
DA:5,0
LF:1
LH:0
BRF:0
BRH:0
end_of_record
